<beans xmlns="http://www.springframework.org/schema/beans"
	xmlns:jdbc="http://www.springframework.org/schema/jdbc"
	xmlns:xsi="http://www.w3.org/2001/XMLSchema-instance"
	xmlns:context="http://www.springframework.org/schema/context"
	xmlns:jpa="http://www.springframework.org/schema/data/jpa"
	xmlns:tx="http://www.springframework.org/schema/tx"
	xmlns:aop="http://www.springframework.org/schema/aop"
	xsi:schemaLocation="http://www.springframework.org/schema/jdbc http://www.springframework.org/schema/jdbc/spring-jdbc-3.0.xsd
		http://www.springframework.org/schema/beans http://www.springframework.org/schema/beans/spring-beans-3.0.xsd
		http://www.springframework.org/schema/context http://www.springframework.org/schema/context/spring-context-4.3.xsd
		http://www.springframework.org/schema/data/jpa http://www.springframework.org/schema/data/jpa/spring-jpa-1.8.xsd
		http://www.springframework.org/schema/aop http://www.springframework.org/schema/aop/spring-aop-4.3.xsd
		http://www.springframework.org/schema/tx http://www.springframework.org/schema/tx/spring-tx-4.3.xsd">

		
	<context:property-placeholder
		location="classpath:test-data.properties" />

	<jdbc:embedded-database id="dataSource"
		type="H2">
	</jdbc:embedded-database>

	<!-- Configure the data source bean -->
	<!-- <bean id="dataSource" -->
	<!-- class="org.springframework.jdbc.datasource.DriverManagerDataSource"> -->

	<!-- <property name="driverClassName" value="${db.driver}" /> -->
	<!-- <property name="url" value="${db.url}" /> -->
	<!-- <property name="username" value="${db.username}" /> -->
	<!-- <property name="password" value="${db.password}" /> -->
	<!-- </bean> -->
	
	<jdbc:initialize-database>
		<jdbc:script location="classpath:data/h2sampledatabase.sql" />
		<jdbc:script location="classpath:data/audit-update.sql" />
		<jdbc:script location="classpath:data/updateVersionH2.sql" />	
	</jdbc:initialize-database>

	<!-- Create default configuration for Hibernate -->
	<bean id="hibernateJpaVendorAdapter"
		class="org.springframework.orm.jpa.vendor.HibernateJpaVendorAdapter" />

	<!-- Configure the entity manager factory bean -->
	<bean id="entityManagerFactory"
		class="org.springframework.orm.jpa.LocalContainerEntityManagerFactoryBean">
		<property name="dataSource" ref="dataSource" />
		<property name="jpaVendorAdapter"
			ref="hibernateJpaVendorAdapter" />
		<!-- Set JPA properties -->
		<property name="jpaProperties">
			<props>
				<prop key="hibernate.dialect">${hibernate.dialect}</prop>
				<prop key="hibernate.show_sql">${hibernate.show_sql}</prop>
				<prop key="hibernate.format_sql">${hibernate.format_sql}</prop>
				<prop key="hibernate.hbm2ddl.auto">${hibernate.hbm2ddl.auto}</prop>
				<prop key="javax.persistence.schema-generation.database.action">none</prop>
				<!-- <prop key="hibernate.ejb.use_class_enhancer">true</prop> -->
			</props>
		</property>
		<!-- Set base package of your entities -->
		<property name="packagesToScan"
			value="com.concept.test.data.entity" />
		<!-- Set share cache mode -->
		<property name="sharedCacheMode" value="ENABLE_SELECTIVE" />
		<!-- Set validation mode -->
		<property name="validationMode" value="NONE" />
	</bean>

	<!-- Configure the transaction manager bean -->
	<bean id="transactionManager"
		class="org.springframework.orm.jpa.JpaTransactionManager">
		<property name="entityManagerFactory"
			ref="entityManagerFactory" />
	</bean>

	<!-- Enable annotation driven transaction management -->
	<tx:annotation-driven />

	<!-- Configure Spring Data JPA and set the base package of the repository 
		interfaces -->
	<jpa:repositories
		base-package="com.concept.test.data.repository" />

		
</beans>